This file contains any messages produced by compilers while
running configure, to aid debugging if configure makes a mistake.

It was created by configure, which was
generated by GNU Autoconf 2.61.  Invocation command line was

  $ ./configure 

## --------- ##
## Platform. ##
## --------- ##

hostname = sehkmg-900X3K
uname -m = x86_64
uname -r = 4.4.0-83-generic
uname -s = Linux
uname -v = #106~14.04.1-Ubuntu SMP Mon Jun 26 18:10:19 UTC 2017

/usr/bin/uname -p = unknown
/bin/uname -X     = unknown

/bin/arch              = unknown
/usr/bin/arch -k       = unknown
/usr/convex/getsysinfo = unknown
/usr/bin/hostinfo      = unknown
/bin/machine           = unknown
/usr/bin/oslevel       = unknown
/bin/universe          = unknown

PATH: /usr/local/sbin
PATH: /usr/local/bin
PATH: /usr/sbin
PATH: /usr/bin
PATH: /sbin
PATH: /bin
PATH: /usr/games
PATH: /usr/local/games


## ----------- ##
## Core tests. ##
## ----------- ##

configure:1799: checking for a BSD-compatible install
configure:1855: result: /usr/bin/install -c
configure:1866: checking whether build environment is sane
configure:1909: result: yes
configure:1937: checking for a thread-safe mkdir -p
configure:1976: result: /bin/mkdir -p
configure:1989: checking for gawk
configure:2019: result: no
configure:1989: checking for mawk
configure:2005: found /usr/bin/mawk
configure:2016: result: mawk
configure:2027: checking whether make sets $(MAKE)
configure:2048: result: yes
configure:2285: checking for gcc
configure:2301: found /usr/bin/gcc
configure:2312: result: gcc
configure:2550: checking for C compiler version
configure:2557: gcc --version >&5
gcc (Ubuntu 4.8.4-2ubuntu1~14.04.3) 4.8.4
Copyright (C) 2013 Free Software Foundation, Inc.
This is free software; see the source for copying conditions.  There is NO
warranty; not even for MERCHANTABILITY or FITNESS FOR A PARTICULAR PURPOSE.

configure:2560: $? = 0
configure:2567: gcc -v >&5
Using built-in specs.
COLLECT_GCC=gcc
COLLECT_LTO_WRAPPER=/usr/lib/gcc/x86_64-linux-gnu/4.8/lto-wrapper
Target: x86_64-linux-gnu
Configured with: ../src/configure -v --with-pkgversion='Ubuntu 4.8.4-2ubuntu1~14.04.3' --with-bugurl=file:///usr/share/doc/gcc-4.8/README.Bugs --enable-languages=c,c++,java,go,d,fortran,objc,obj-c++ --prefix=/usr --program-suffix=-4.8 --enable-shared --enable-linker-build-id --libexecdir=/usr/lib --without-included-gettext --enable-threads=posix --with-gxx-include-dir=/usr/include/c++/4.8 --libdir=/usr/lib --enable-nls --with-sysroot=/ --enable-clocale=gnu --enable-libstdcxx-debug --enable-libstdcxx-time=yes --enable-gnu-unique-object --disable-libmudflap --enable-plugin --with-system-zlib --disable-browser-plugin --enable-java-awt=gtk --enable-gtk-cairo --with-java-home=/usr/lib/jvm/java-1.5.0-gcj-4.8-amd64/jre --enable-java-home --with-jvm-root-dir=/usr/lib/jvm/java-1.5.0-gcj-4.8-amd64 --with-jvm-jar-dir=/usr/lib/jvm-exports/java-1.5.0-gcj-4.8-amd64 --with-arch-directory=amd64 --with-ecj-jar=/usr/share/java/eclipse-ecj.jar --enable-objc-gc --enable-multiarch --disable-werror --with-arch-32=i686 --with-abi=m64 --with-multilib-list=m32,m64,mx32 --with-tune=generic --enable-checking=release --build=x86_64-linux-gnu --host=x86_64-linux-gnu --target=x86_64-linux-gnu
Thread model: posix
gcc version 4.8.4 (Ubuntu 4.8.4-2ubuntu1~14.04.3) 
configure:2570: $? = 0
configure:2577: gcc -V >&5
gcc: error: unrecognized command line option '-V'
gcc: fatal error: no input files
compilation terminated.
configure:2580: $? = 4
configure:2603: checking for C compiler default output file name
configure:2630: gcc    conftest.c  >&5
configure:2633: $? = 0
configure:2671: result: a.out
configure:2688: checking whether the C compiler works
configure:2698: ./a.out
configure:2701: $? = 0
configure:2718: result: yes
configure:2725: checking whether we are cross compiling
configure:2727: result: no
configure:2730: checking for suffix of executables
configure:2737: gcc -o conftest    conftest.c  >&5
configure:2740: $? = 0
configure:2764: result: 
configure:2770: checking for suffix of object files
configure:2796: gcc -c   conftest.c >&5
configure:2799: $? = 0
configure:2822: result: o
configure:2826: checking whether we are using the GNU C compiler
configure:2855: gcc -c   conftest.c >&5
configure:2861: $? = 0
configure:2878: result: yes
configure:2883: checking whether gcc accepts -g
configure:2913: gcc -c -g  conftest.c >&5
configure:2919: $? = 0
configure:3018: result: yes
configure:3035: checking for gcc option to accept ISO C89
configure:3109: gcc  -c -g -O2  conftest.c >&5
configure:3115: $? = 0
configure:3138: result: none needed
configure:3167: checking for style of include used by make
configure:3195: result: GNU
configure:3220: checking dependency style of gcc
configure:3311: result: none
configure:3331: checking how to run the C preprocessor
configure:3371: gcc -E  conftest.c
configure:3377: $? = 0
configure:3408: gcc -E  conftest.c
conftest.c:10:28: fatal error: ac_nonexistent.h: No such file or directory
 #include <ac_nonexistent.h>
                            ^
compilation terminated.
configure:3414: $? = 1
configure: failed program was:
| /* confdefs.h.  */
| #define PACKAGE_NAME ""
| #define PACKAGE_TARNAME ""
| #define PACKAGE_VERSION ""
| #define PACKAGE_STRING ""
| #define PACKAGE_BUGREPORT ""
| #define PACKAGE "torcs"
| #define VERSION "1.3.1"
| /* end confdefs.h.  */
| #include <ac_nonexistent.h>
configure:3447: result: gcc -E
configure:3476: gcc -E  conftest.c
configure:3482: $? = 0
configure:3513: gcc -E  conftest.c
conftest.c:10:28: fatal error: ac_nonexistent.h: No such file or directory
 #include <ac_nonexistent.h>
                            ^
compilation terminated.
configure:3519: $? = 1
configure: failed program was:
| /* confdefs.h.  */
| #define PACKAGE_NAME ""
| #define PACKAGE_TARNAME ""
| #define PACKAGE_VERSION ""
| #define PACKAGE_STRING ""
| #define PACKAGE_BUGREPORT ""
| #define PACKAGE "torcs"
| #define VERSION "1.3.1"
| /* end confdefs.h.  */
| #include <ac_nonexistent.h>
configure:3622: checking for g++
configure:3638: found /usr/bin/g++
configure:3649: result: g++
configure:3680: checking for C++ compiler version
configure:3687: g++ --version >&5
g++ (Ubuntu 4.8.4-2ubuntu1~14.04.3) 4.8.4
Copyright (C) 2013 Free Software Foundation, Inc.
This is free software; see the source for copying conditions.  There is NO
warranty; not even for MERCHANTABILITY or FITNESS FOR A PARTICULAR PURPOSE.

configure:3690: $? = 0
configure:3697: g++ -v >&5
Using built-in specs.
COLLECT_GCC=g++
COLLECT_LTO_WRAPPER=/usr/lib/gcc/x86_64-linux-gnu/4.8/lto-wrapper
Target: x86_64-linux-gnu
Configured with: ../src/configure -v --with-pkgversion='Ubuntu 4.8.4-2ubuntu1~14.04.3' --with-bugurl=file:///usr/share/doc/gcc-4.8/README.Bugs --enable-languages=c,c++,java,go,d,fortran,objc,obj-c++ --prefix=/usr --program-suffix=-4.8 --enable-shared --enable-linker-build-id --libexecdir=/usr/lib --without-included-gettext --enable-threads=posix --with-gxx-include-dir=/usr/include/c++/4.8 --libdir=/usr/lib --enable-nls --with-sysroot=/ --enable-clocale=gnu --enable-libstdcxx-debug --enable-libstdcxx-time=yes --enable-gnu-unique-object --disable-libmudflap --enable-plugin --with-system-zlib --disable-browser-plugin --enable-java-awt=gtk --enable-gtk-cairo --with-java-home=/usr/lib/jvm/java-1.5.0-gcj-4.8-amd64/jre --enable-java-home --with-jvm-root-dir=/usr/lib/jvm/java-1.5.0-gcj-4.8-amd64 --with-jvm-jar-dir=/usr/lib/jvm-exports/java-1.5.0-gcj-4.8-amd64 --with-arch-directory=amd64 --with-ecj-jar=/usr/share/java/eclipse-ecj.jar --enable-objc-gc --enable-multiarch --disable-werror --with-arch-32=i686 --with-abi=m64 --with-multilib-list=m32,m64,mx32 --with-tune=generic --enable-checking=release --build=x86_64-linux-gnu --host=x86_64-linux-gnu --target=x86_64-linux-gnu
Thread model: posix
gcc version 4.8.4 (Ubuntu 4.8.4-2ubuntu1~14.04.3) 
configure:3700: $? = 0
configure:3707: g++ -V >&5
g++: error: unrecognized command line option '-V'
g++: fatal error: no input files
compilation terminated.
configure:3710: $? = 4
configure:3713: checking whether we are using the GNU C++ compiler
configure:3742: g++ -c   conftest.cpp >&5
configure:3748: $? = 0
configure:3765: result: yes
configure:3770: checking whether g++ accepts -g
configure:3800: g++ -c -g  conftest.cpp >&5
configure:3806: $? = 0
configure:3905: result: yes
configure:3930: checking dependency style of g++
configure:4021: result: none
configure:4079: checking for ranlib
configure:4095: found /usr/bin/ranlib
configure:4106: result: ranlib
configure:4145: checking for a BSD-compatible install
configure:4201: result: /usr/bin/install -c
configure:4219: checking how to run the C++ preprocessor
configure:4255: g++ -E  conftest.cpp
configure:4261: $? = 0
configure:4292: g++ -E  conftest.cpp
conftest.cpp:10:28: fatal error: ac_nonexistent.h: No such file or directory
 #include <ac_nonexistent.h>
                            ^
compilation terminated.
configure:4298: $? = 1
configure: failed program was:
| /* confdefs.h.  */
| #define PACKAGE_NAME ""
| #define PACKAGE_TARNAME ""
| #define PACKAGE_VERSION ""
| #define PACKAGE_STRING ""
| #define PACKAGE_BUGREPORT ""
| #define PACKAGE "torcs"
| #define VERSION "1.3.1"
| /* end confdefs.h.  */
| #include <ac_nonexistent.h>
configure:4331: result: g++ -E
configure:4360: g++ -E  conftest.cpp
configure:4366: $? = 0
configure:4397: g++ -E  conftest.cpp
conftest.cpp:10:28: fatal error: ac_nonexistent.h: No such file or directory
 #include <ac_nonexistent.h>
                            ^
compilation terminated.
configure:4403: $? = 1
configure: failed program was:
| /* confdefs.h.  */
| #define PACKAGE_NAME ""
| #define PACKAGE_TARNAME ""
| #define PACKAGE_VERSION ""
| #define PACKAGE_STRING ""
| #define PACKAGE_BUGREPORT ""
| #define PACKAGE "torcs"
| #define VERSION "1.3.1"
| /* end confdefs.h.  */
| #include <ac_nonexistent.h>
configure:4441: checking for grep that handles long lines and -e
configure:4515: result: /bin/grep
configure:4520: checking for egrep
configure:4598: result: /bin/grep -E
configure:4603: checking for ANSI C header files
configure:4633: g++ -c -g -O2  conftest.cpp >&5
configure:4639: $? = 0
configure:4738: g++ -o conftest -g -O2   conftest.cpp  >&5
configure:4741: $? = 0
configure:4747: ./conftest
configure:4750: $? = 0
configure:4767: result: yes
configure:4778: checking for an ANSI C-conforming const
configure:4853: g++ -c -g -O2  conftest.cpp >&5
configure:4859: $? = 0
configure:4874: result: yes
configure:4884: checking for inline
configure:4910: g++ -c -g -O2  conftest.cpp >&5
configure:4916: $? = 0
configure:4934: result: inline
configure:4953: checking whether time.h and sys/time.h may both be included
configure:4983: g++ -c -g -O2  conftest.cpp >&5
configure:4989: $? = 0
configure:5004: result: yes
configure:5017: checking for ar
configure:5045: result: ar
configure:5055: checking for ld
configure:5083: result: ld
configure:5106: checking for sys/types.h
configure:5127: g++ -c -g -O2  conftest.cpp >&5
configure:5133: $? = 0
configure:5149: result: yes
configure:5106: checking for sys/stat.h
configure:5127: g++ -c -g -O2  conftest.cpp >&5
configure:5133: $? = 0
configure:5149: result: yes
configure:5106: checking for stdlib.h
configure:5127: g++ -c -g -O2  conftest.cpp >&5
configure:5133: $? = 0
configure:5149: result: yes
configure:5106: checking for string.h
configure:5127: g++ -c -g -O2  conftest.cpp >&5
configure:5133: $? = 0
configure:5149: result: yes
configure:5106: checking for memory.h
configure:5127: g++ -c -g -O2  conftest.cpp >&5
configure:5133: $? = 0
configure:5149: result: yes
configure:5106: checking for strings.h
configure:5127: g++ -c -g -O2  conftest.cpp >&5
configure:5133: $? = 0
configure:5149: result: yes
configure:5106: checking for inttypes.h
configure:5127: g++ -c -g -O2  conftest.cpp >&5
configure:5133: $? = 0
configure:5149: result: yes
configure:5106: checking for stdint.h
configure:5127: g++ -c -g -O2  conftest.cpp >&5
configure:5133: $? = 0
configure:5149: result: yes
configure:5106: checking for unistd.h
configure:5127: g++ -c -g -O2  conftest.cpp >&5
configure:5133: $? = 0
configure:5149: result: yes
configure:5161: checking whether byte ordering is bigendian
configure:5194: g++ -c -g -O2  conftest.cpp >&5
configure:5200: $? = 0
configure:5232: g++ -c -g -O2  conftest.cpp >&5
conftest.cpp: In function 'int main()':
conftest.cpp:28:6: error: 'big' was not declared in this scope
  not big endian
      ^
conftest.cpp:28:10: error: expected ';' before 'endian'
  not big endian
          ^
configure:5238: $? = 1
configure: failed program was:
| /* confdefs.h.  */
| #define PACKAGE_NAME ""
| #define PACKAGE_TARNAME ""
| #define PACKAGE_VERSION ""
| #define PACKAGE_STRING ""
| #define PACKAGE_BUGREPORT ""
| #define PACKAGE "torcs"
| #define VERSION "1.3.1"
| #define STDC_HEADERS 1
| #define TIME_WITH_SYS_TIME 1
| #define HAVE_SYS_TYPES_H 1
| #define HAVE_SYS_STAT_H 1
| #define HAVE_STDLIB_H 1
| #define HAVE_STRING_H 1
| #define HAVE_MEMORY_H 1
| #define HAVE_STRINGS_H 1
| #define HAVE_INTTYPES_H 1
| #define HAVE_STDINT_H 1
| #define HAVE_UNISTD_H 1
| /* end confdefs.h.  */
| #include <sys/types.h>
| #include <sys/param.h>
| 
| int
| main ()
| {
| #if BYTE_ORDER != BIG_ENDIAN
|  not big endian
| #endif
| 
|   ;
|   return 0;
| }
configure:5378: result: no
configure:5398: checking for X
configure:5513: g++ -E  conftest.cpp
configure:5519: $? = 0
configure:5568: g++ -o conftest -g -O2   conftest.cpp -lX11  >&5
configure:5574: $? = 0
configure:5633: result: libraries , headers 
configure:5697: checking GL/gl.h usability
configure:5714: g++ -c -g -O2 -Wall -fPIC -fno-strict-aliasing -O2 -DUSE_RANDR_EXT -DGL_GLEXT_PROTOTYPES  conftest.cpp >&5
configure:5720: $? = 0
configure:5734: result: yes
configure:5738: checking GL/gl.h presence
configure:5753: g++ -E  conftest.cpp
configure:5759: $? = 0
configure:5773: result: yes
configure:5801: checking for GL/gl.h
configure:5808: result: yes
configure:5831: checking GL/glut.h usability
configure:5848: g++ -c -g -O2 -Wall -fPIC -fno-strict-aliasing -O2 -DUSE_RANDR_EXT -DGL_GLEXT_PROTOTYPES  conftest.cpp >&5
configure:5854: $? = 0
configure:5868: result: yes
configure:5872: checking GL/glut.h presence
configure:5887: g++ -E  conftest.cpp
configure:5893: $? = 0
configure:5907: result: yes
configure:5935: checking for GL/glut.h
configure:5942: result: yes
configure:5965: checking GL/glx.h usability
configure:5982: g++ -c -g -O2 -Wall -fPIC -fno-strict-aliasing -O2 -DUSE_RANDR_EXT -DGL_GLEXT_PROTOTYPES  conftest.cpp >&5
configure:5988: $? = 0
configure:6002: result: yes
configure:6006: checking GL/glx.h presence
configure:6021: g++ -E  conftest.cpp
configure:6027: $? = 0
configure:6041: result: yes
configure:6069: checking for GL/glx.h
configure:6076: result: yes
configure:6099: checking X11/Xlib.h usability
configure:6116: g++ -c -g -O2 -Wall -fPIC -fno-strict-aliasing -O2 -DUSE_RANDR_EXT -DGL_GLEXT_PROTOTYPES  conftest.cpp >&5
configure:6122: $? = 0
configure:6136: result: yes
configure:6140: checking X11/Xlib.h presence
configure:6155: g++ -E  conftest.cpp
configure:6161: $? = 0
configure:6175: result: yes
configure:6203: checking for X11/Xlib.h
configure:6210: result: yes
configure:6233: checking X11/Xatom.h usability
configure:6250: g++ -c -g -O2 -Wall -fPIC -fno-strict-aliasing -O2 -DUSE_RANDR_EXT -DGL_GLEXT_PROTOTYPES  conftest.cpp >&5
configure:6256: $? = 0
configure:6270: result: yes
configure:6274: checking X11/Xatom.h presence
configure:6289: g++ -E  conftest.cpp
configure:6295: $? = 0
configure:6309: result: yes
configure:6337: checking for X11/Xatom.h
configure:6344: result: yes
configure:6367: checking X11/keysym.h usability
configure:6384: g++ -c -g -O2 -Wall -fPIC -fno-strict-aliasing -O2 -DUSE_RANDR_EXT -DGL_GLEXT_PROTOTYPES  conftest.cpp >&5
configure:6390: $? = 0
configure:6404: result: yes
configure:6408: checking X11/keysym.h presence
configure:6423: g++ -E  conftest.cpp
configure:6429: $? = 0
configure:6443: result: yes
configure:6471: checking for X11/keysym.h
configure:6478: result: yes
configure:6501: checking plib/ssg.h usability
configure:6518: g++ -c -g -O2 -Wall -fPIC -fno-strict-aliasing -O2 -DUSE_RANDR_EXT -DGL_GLEXT_PROTOTYPES  conftest.cpp >&5
configure:6524: $? = 0
configure:6538: result: yes
configure:6542: checking plib/ssg.h presence
configure:6557: g++ -E  conftest.cpp
configure:6563: $? = 0
configure:6577: result: yes
configure:6605: checking for plib/ssg.h
configure:6612: result: yes
configure:6635: checking AL/al.h usability
configure:6652: g++ -c -g -O2 -Wall -fPIC -fno-strict-aliasing -O2 -DUSE_RANDR_EXT -DGL_GLEXT_PROTOTYPES  conftest.cpp >&5
configure:6658: $? = 0
configure:6672: result: yes
configure:6676: checking AL/al.h presence
configure:6691: g++ -E  conftest.cpp
configure:6697: $? = 0
configure:6711: result: yes
configure:6739: checking for AL/al.h
configure:6746: result: yes
configure:6769: checking AL/alut.h usability
configure:6786: g++ -c -g -O2 -Wall -fPIC -fno-strict-aliasing -O2 -DUSE_RANDR_EXT -DGL_GLEXT_PROTOTYPES  conftest.cpp >&5
configure:6792: $? = 0
configure:6806: result: yes
configure:6810: checking AL/alut.h presence
configure:6825: g++ -E  conftest.cpp
configure:6831: $? = 0
configure:6845: result: yes
configure:6873: checking for AL/alut.h
configure:6880: result: yes
configure:6900: checking for sin in -lm
configure:6935: g++ -o conftest -g -O2 -Wall -fPIC -fno-strict-aliasing -O2 -DUSE_RANDR_EXT -DGL_GLEXT_PROTOTYPES   conftest.cpp -lm   >&5
configure:6941: $? = 0
configure:6959: result: yes
configure:6980: checking for XOpenDisplay in -lX11
configure:7015: g++ -o conftest -g -O2 -Wall -fPIC -fno-strict-aliasing -O2 -DUSE_RANDR_EXT -DGL_GLEXT_PROTOTYPES   conftest.cpp -lX11  -lm  >&5
configure:7021: $? = 0
configure:7039: result: yes
configure:7055: checking for XShmCreateImage in -lXext
configure:7090: g++ -o conftest -g -O2 -Wall -fPIC -fno-strict-aliasing -O2 -DUSE_RANDR_EXT -DGL_GLEXT_PROTOTYPES   conftest.cpp -lXext  -lX11 -lm  >&5
configure:7096: $? = 0
configure:7114: result: yes
configure:7130: checking for IceSetIOErrorHandler in -lICE
configure:7165: g++ -o conftest -g -O2 -Wall -fPIC -fno-strict-aliasing -O2 -DUSE_RANDR_EXT -DGL_GLEXT_PROTOTYPES   conftest.cpp -lICE  -lXext -lX11 -lm  >&5
configure:7171: $? = 0
configure:7189: result: yes
configure:7205: checking for SmsSetErrorHandler in -lSM
configure:7240: g++ -o conftest -g -O2 -Wall -fPIC -fno-strict-aliasing -O2 -DUSE_RANDR_EXT -DGL_GLEXT_PROTOTYPES   conftest.cpp -lSM  -lICE -lXext -lX11 -lm  >&5
configure:7246: $? = 0
configure:7264: result: yes
configure:7280: checking for XtDisplay in -lXt
configure:7315: g++ -o conftest -g -O2 -Wall -fPIC -fno-strict-aliasing -O2 -DUSE_RANDR_EXT -DGL_GLEXT_PROTOTYPES   conftest.cpp -lXt  -lSM -lICE -lXext -lX11 -lm  >&5
configure:7321: $? = 0
configure:7339: result: yes
configure:7355: checking for XOpenDevice in -lXi
configure:7390: g++ -o conftest -g -O2 -Wall -fPIC -fno-strict-aliasing -O2 -DUSE_RANDR_EXT -DGL_GLEXT_PROTOTYPES   conftest.cpp -lXi  -lXt -lSM -lICE -lXext -lX11 -lm  >&5
configure:7396: $? = 0
configure:7414: result: yes
configure:7430: checking for XmuSimpleErrorHandler in -lXmu
configure:7465: g++ -o conftest -g -O2 -Wall -fPIC -fno-strict-aliasing -O2 -DUSE_RANDR_EXT -DGL_GLEXT_PROTOTYPES   conftest.cpp -lXmu  -lXi -lXt -lSM -lICE -lXext -lX11 -lm  >&5
configure:7471: $? = 0
configure:7489: result: yes
configure:7505: checking for XF86VidModeSetViewPort in -lXxf86vm
configure:7540: g++ -o conftest -g -O2 -Wall -fPIC -fno-strict-aliasing -O2 -DUSE_RANDR_EXT -DGL_GLEXT_PROTOTYPES   conftest.cpp -lXxf86vm  -lXmu -lXi -lXt -lSM -lICE -lXext -lX11 -lm  >&5
configure:7546: $? = 0
configure:7564: result: yes
configure:7580: checking for XRenderSetSubpixelOrder in -lXrender
configure:7615: g++ -o conftest -g -O2 -Wall -fPIC -fno-strict-aliasing -O2 -DUSE_RANDR_EXT -DGL_GLEXT_PROTOTYPES   conftest.cpp -lXrender  -lXxf86vm -lXmu -lXi -lXt -lSM -lICE -lXext -lX11 -lm  >&5
configure:7621: $? = 0
configure:7639: result: yes
configure:7655: checking for XRRQueryVersion in -lXrandr
configure:7690: g++ -o conftest -g -O2 -Wall -fPIC -fno-strict-aliasing -O2 -DUSE_RANDR_EXT -DGL_GLEXT_PROTOTYPES   conftest.cpp -lXrandr  -lXrender -lXxf86vm -lXmu -lXi -lXt -lSM -lICE -lXext -lX11 -lm  >&5
configure:7696: $? = 0
configure:7714: result: yes
configure:7730: checking for alEnable in -lopenal
configure:7765: g++ -o conftest -g -O2 -Wall -fPIC -fno-strict-aliasing -O2 -DUSE_RANDR_EXT -DGL_GLEXT_PROTOTYPES   conftest.cpp -lopenal  -lXrandr -lXrender -lXxf86vm -lXmu -lXi -lXt -lSM -lICE -lXext -lX11 -lm  >&5
configure:7771: $? = 0
configure:7789: result: yes
configure:7804: checking for alutLoadWAVFile in -lalut
configure:7839: g++ -o conftest -g -O2 -Wall -fPIC -fno-strict-aliasing -O2 -DUSE_RANDR_EXT -DGL_GLEXT_PROTOTYPES   conftest.cpp -lalut  -lopenal -lXrandr -lXrender -lXxf86vm -lXmu -lXi -lXt -lSM -lICE -lXext -lX11 -lm  >&5
configure:7845: $? = 0
configure:7863: result: yes
configure:7873: checking for dlopen in -ldl
configure:7908: g++ -o conftest -g -O2 -Wall -fPIC -fno-strict-aliasing -O2 -DUSE_RANDR_EXT -DGL_GLEXT_PROTOTYPES   -lalut conftest.cpp -ldl  -lopenal -lXrandr -lXrender -lXxf86vm -lXmu -lXi -lXt -lSM -lICE -lXext -lX11 -lm  >&5
configure:7914: $? = 0
configure:7932: result: yes
configure:7943: checking for dlopen
configure:7999: g++ -o conftest -g -O2 -Wall -fPIC -fno-strict-aliasing -O2 -DUSE_RANDR_EXT -DGL_GLEXT_PROTOTYPES   -lalut conftest.cpp -ldl -lopenal -lXrandr -lXrender -lXxf86vm -lXmu -lXi -lXt -lSM -lICE -lXext -lX11 -lm  >&5
configure:8005: $? = 0
configure:8022: result: yes
configure:8037: checking for strndup
configure:8093: g++ -o conftest -g -O2 -Wall -fPIC -fno-strict-aliasing -O2 -DUSE_RANDR_EXT -DGL_GLEXT_PROTOTYPES   -lalut conftest.cpp -ldl -lopenal -lXrandr -lXrender -lXxf86vm -lXmu -lXi -lXt -lSM -lICE -lXext -lX11 -lm  >&5
configure:8099: $? = 0
configure:8117: result: yes
configure:8129: checking for crc32 in -lz
configure:8164: g++ -o conftest -g -O2 -Wall -fPIC -fno-strict-aliasing -O2 -DUSE_RANDR_EXT -DGL_GLEXT_PROTOTYPES   -lalut conftest.cpp -lz  -ldl -lopenal -lXrandr -lXrender -lXxf86vm -lXmu -lXi -lXt -lSM -lICE -lXext -lX11 -lm  >&5
configure:8170: $? = 0
configure:8188: result: yes
configure:8204: checking for png_init_io in -lpng
configure:8239: g++ -o conftest -g -O2 -Wall -fPIC -fno-strict-aliasing -O2 -DUSE_RANDR_EXT -DGL_GLEXT_PROTOTYPES   -lalut conftest.cpp -lpng  -lz -ldl -lopenal -lXrandr -lXrender -lXxf86vm -lXmu -lXi -lXt -lSM -lICE -lXext -lX11 -lm  >&5
configure:8245: $? = 0
configure:8263: result: yes
configure:8280: checking for glGetString in -lGL
configure:8315: g++ -o conftest -g -O2 -Wall -fPIC -fno-strict-aliasing -O2 -DUSE_RANDR_EXT -DGL_GLEXT_PROTOTYPES   -lalut conftest.cpp -lGL  -lpng -lz -ldl -lopenal -lXrandr -lXrender -lXxf86vm -lXmu -lXi -lXt -lSM -lICE -lXext -lX11 -lm  >&5
configure:8321: $? = 0
configure:8339: result: yes
configure:8355: checking for gluOrtho2D in -lGLU
configure:8390: g++ -o conftest -g -O2 -Wall -fPIC -fno-strict-aliasing -O2 -DUSE_RANDR_EXT -DGL_GLEXT_PROTOTYPES   -lalut conftest.cpp -lGLU  -lGL -lpng -lz -ldl -lopenal -lXrandr -lXrender -lXxf86vm -lXmu -lXi -lXt -lSM -lICE -lXext -lX11 -lm  >&5
configure:8396: $? = 0
configure:8414: result: yes
configure:8430: checking for glutSwapBuffers in -lglut
configure:8465: g++ -o conftest -g -O2 -Wall -fPIC -fno-strict-aliasing -O2 -DUSE_RANDR_EXT -DGL_GLEXT_PROTOTYPES   -lalut conftest.cpp -lglut  -lGLU -lGL -lpng -lz -ldl -lopenal -lXrandr -lXrender -lXxf86vm -lXmu -lXi -lXt -lSM -lICE -lXext -lX11 -lm  >&5
configure:8471: $? = 0
configure:8489: result: yes
configure:8506: checking for main in -lplibul
configure:8535: g++ -o conftest -g -O2 -Wall -fPIC -fno-strict-aliasing -O2 -DUSE_RANDR_EXT -DGL_GLEXT_PROTOTYPES   -lalut conftest.cpp -lplibul  -lglut -lGLU -lGL -lpng -lz -ldl -lopenal -lXrandr -lXrender -lXxf86vm -lXmu -lXi -lXt -lSM -lICE -lXext -lX11 -lm  >&5
configure:8541: $? = 0
configure:8559: result: yes
configure:8575: checking for main in -lplibsg
configure:8604: g++ -o conftest -g -O2 -Wall -fPIC -fno-strict-aliasing -O2 -DUSE_RANDR_EXT -DGL_GLEXT_PROTOTYPES   -lalut conftest.cpp -lplibsg  -lplibul -lglut -lGLU -lGL -lpng -lz -ldl -lopenal -lXrandr -lXrender -lXxf86vm -lXmu -lXi -lXt -lSM -lICE -lXext -lX11 -lm  >&5
configure:8610: $? = 0
configure:8628: result: yes
configure:8644: checking for main in -lplibsl
configure:8673: g++ -o conftest -g -O2 -Wall -fPIC -fno-strict-aliasing -O2 -DUSE_RANDR_EXT -DGL_GLEXT_PROTOTYPES   -lalut conftest.cpp -lplibsl  -lplibsg -lplibul -lglut -lGLU -lGL -lpng -lz -ldl -lopenal -lXrandr -lXrender -lXxf86vm -lXmu -lXi -lXt -lSM -lICE -lXext -lX11 -lm  >&5
configure:8679: $? = 0
configure:8697: result: yes
configure:8713: checking for main in -lplibsm
configure:8742: g++ -o conftest -g -O2 -Wall -fPIC -fno-strict-aliasing -O2 -DUSE_RANDR_EXT -DGL_GLEXT_PROTOTYPES   -lalut conftest.cpp -lplibsm  -lplibsl -lplibsg -lplibul -lglut -lGLU -lGL -lpng -lz -ldl -lopenal -lXrandr -lXrender -lXxf86vm -lXmu -lXi -lXt -lSM -lICE -lXext -lX11 -lm  >&5
configure:8748: $? = 0
configure:8766: result: yes
configure:8782: checking for main in -lplibssg
configure:8811: g++ -o conftest -g -O2 -Wall -fPIC -fno-strict-aliasing -O2 -DUSE_RANDR_EXT -DGL_GLEXT_PROTOTYPES   -lalut conftest.cpp -lplibssg  -lplibsm -lplibsl -lplibsg -lplibul -lglut -lGLU -lGL -lpng -lz -ldl -lopenal -lXrandr -lXrender -lXxf86vm -lXmu -lXi -lXt -lSM -lICE -lXext -lX11 -lm  >&5
configure:8817: $? = 0
configure:8835: result: yes
configure:8851: checking for main in -lplibssgaux
configure:8880: g++ -o conftest -g -O2 -Wall -fPIC -fno-strict-aliasing -O2 -DUSE_RANDR_EXT -DGL_GLEXT_PROTOTYPES   -lalut conftest.cpp -lplibssgaux  -lplibssg -lplibsm -lplibsl -lplibsg -lplibul -lglut -lGLU -lGL -lpng -lz -ldl -lopenal -lXrandr -lXrender -lXxf86vm -lXmu -lXi -lXt -lSM -lICE -lXext -lX11 -lm  >&5
configure:8886: $? = 0
configure:8904: result: yes
configure:8922: checking for plib 1.8.3 or newer
configure:8953: g++ -o conftest -g -O2 -Wall -fPIC -fno-strict-aliasing -O2 -DUSE_RANDR_EXT -DGL_GLEXT_PROTOTYPES   -lalut conftest.cpp -lplibssgaux -lplibssg -lplibsm -lplibsl -lplibsg -lplibul -lglut -lGLU -lGL -lpng -lz -ldl -lopenal -lXrandr -lXrender -lXxf86vm -lXmu -lXi -lXt -lSM -lICE -lXext -lX11 -lm  >&5
configure:8956: $? = 0
configure:8962: ./conftest
configure:8965: $? = 0
configure:8967: result: yes
configure:8985: checking for GL_VERSION_1_3
configure:9015: g++ -o conftest -g -O2 -Wall -fPIC -fno-strict-aliasing -O2 -DUSE_RANDR_EXT -DGL_GLEXT_PROTOTYPES   -lalut conftest.cpp -lplibssgaux -lplibssg -lplibsm -lplibsl -lplibsg -lplibul -lglut -lGLU -lGL -lpng -lz -ldl -lopenal -lXrandr -lXrender -lXxf86vm -lXmu -lXi -lXt -lSM -lICE -lXext -lX11 -lm  >&5
configure:9018: $? = 0
configure:9024: ./conftest
configure:9027: $? = 0
configure:9029: result: yes
configure:9048: checking for GL_ARB_texture_compression
configure:9078: g++ -o conftest -g -O2 -Wall -fPIC -fno-strict-aliasing -O2 -DUSE_RANDR_EXT -DGL_GLEXT_PROTOTYPES   -lalut conftest.cpp -lplibssgaux -lplibssg -lplibsm -lplibsl -lplibsg -lplibul -lglut -lGLU -lGL -lpng -lz -ldl -lopenal -lXrandr -lXrender -lXxf86vm -lXmu -lXi -lXt -lSM -lICE -lXext -lX11 -lm  >&5
configure:9081: $? = 0
configure:9087: ./conftest
configure:9090: $? = 0
configure:9092: result: yes
configure:9241: creating ./config.status

## ---------------------- ##
## Running config.status. ##
## ---------------------- ##

This file was extended by config.status, which was
generated by GNU Autoconf 2.61.  Invocation command line was

  CONFIG_FILES    = 
  CONFIG_HEADERS  = 
  CONFIG_LINKS    = 
  CONFIG_COMMANDS = 
  $ ./config.status 

on sehkmg-900X3K

config.status:664: creating Make-config
config.status:664: creating src/linux/torcs
config.status:664: creating src/tools/accc/accc
config.status:664: creating src/tools/nfs2ac/nfs2ac
config.status:664: creating src/tools/nfsperf/nfsperf
config.status:664: creating src/tools/texmapper/texmapper
config.status:664: creating src/tools/trackgen/trackgen
config.status:664: creating src/doc/torcsdoc.conf
config.status:664: creating src/tools/package/specfiles/torcs-data.spec
config.status:664: creating src/tools/package/specfiles/torcs-data-cars-Patwo-Design.spec
config.status:664: creating src/tools/package/specfiles/torcs-data-cars-kcendra-gt.spec
config.status:664: creating src/tools/package/specfiles/torcs-data-cars-kcendra-sport.spec
config.status:664: creating src/tools/package/specfiles/torcs-data-cars-kcendra-roadsters.spec
config.status:664: creating src/tools/package/specfiles/torcs-data-cars-extra.spec
config.status:664: creating src/tools/package/specfiles/torcs-data-tracks-base.spec
config.status:664: creating src/tools/package/specfiles/torcs-robot-K1999.spec
config.status:664: creating src/tools/package/specfiles/torcs-robot-base.spec
config.status:664: creating src/tools/package/specfiles/torcs.spec
config.status:664: creating config.h
config.status:916: config.h is unchanged
config.status:962: executing depfiles commands

## ---------------- ##
## Cache variables. ##
## ---------------- ##

ac_cv_c_bigendian=no
ac_cv_c_compiler_gnu=yes
ac_cv_c_const=yes
ac_cv_c_inline=inline
ac_cv_cxx_compiler_gnu=yes
ac_cv_env_CCC_set=
ac_cv_env_CCC_value=
ac_cv_env_CC_set=
ac_cv_env_CC_value=
ac_cv_env_CFLAGS_set=
ac_cv_env_CFLAGS_value=
ac_cv_env_CPPFLAGS_set=
ac_cv_env_CPPFLAGS_value=
ac_cv_env_CPP_set=
ac_cv_env_CPP_value=
ac_cv_env_CXXCPP_set=
ac_cv_env_CXXCPP_value=
ac_cv_env_CXXFLAGS_set=
ac_cv_env_CXXFLAGS_value=
ac_cv_env_CXX_set=
ac_cv_env_CXX_value=
ac_cv_env_LDFLAGS_set=
ac_cv_env_LDFLAGS_value=
ac_cv_env_LIBS_set=
ac_cv_env_LIBS_value=
ac_cv_env_XMKMF_set=
ac_cv_env_XMKMF_value=
ac_cv_env_build_alias_set=
ac_cv_env_build_alias_value=
ac_cv_env_host_alias_set=
ac_cv_env_host_alias_value=
ac_cv_env_target_alias_set=
ac_cv_env_target_alias_value=
ac_cv_func_dlopen=yes
ac_cv_func_strndup=yes
ac_cv_have_x='have_x=yes	ac_x_includes='\'''\''	ac_x_libraries='\'''\'''
ac_cv_header_AL_al_h=yes
ac_cv_header_AL_alut_h=yes
ac_cv_header_GL_gl_h=yes
ac_cv_header_GL_glut_h=yes
ac_cv_header_GL_glx_h=yes
ac_cv_header_X11_Xatom_h=yes
ac_cv_header_X11_Xlib_h=yes
ac_cv_header_X11_keysym_h=yes
ac_cv_header_inttypes_h=yes
ac_cv_header_memory_h=yes
ac_cv_header_plib_ssg_h=yes
ac_cv_header_stdc=yes
ac_cv_header_stdint_h=yes
ac_cv_header_stdlib_h=yes
ac_cv_header_string_h=yes
ac_cv_header_strings_h=yes
ac_cv_header_sys_stat_h=yes
ac_cv_header_sys_types_h=yes
ac_cv_header_time=yes
ac_cv_header_unistd_h=yes
ac_cv_lib_GLU_gluOrtho2D=yes
ac_cv_lib_GL_glGetString=yes
ac_cv_lib_ICE_IceSetIOErrorHandler=yes
ac_cv_lib_SM_SmsSetErrorHandler=yes
ac_cv_lib_X11_XOpenDisplay=yes
ac_cv_lib_Xext_XShmCreateImage=yes
ac_cv_lib_Xi_XOpenDevice=yes
ac_cv_lib_Xmu_XmuSimpleErrorHandler=yes
ac_cv_lib_Xrandr_XRRQueryVersion=yes
ac_cv_lib_Xrender_XRenderSetSubpixelOrder=yes
ac_cv_lib_Xt_XtDisplay=yes
ac_cv_lib_Xxf86vm_XF86VidModeSetViewPort=yes
ac_cv_lib_alut_alutLoadWAVFile=yes
ac_cv_lib_dl_dlopen=yes
ac_cv_lib_glut_glutSwapBuffers=yes
ac_cv_lib_m_sin=yes
ac_cv_lib_openal_alEnable=yes
ac_cv_lib_plibsg_main=yes
ac_cv_lib_plibsl_main=yes
ac_cv_lib_plibsm_main=yes
ac_cv_lib_plibssg_main=yes
ac_cv_lib_plibssgaux_main=yes
ac_cv_lib_plibul_main=yes
ac_cv_lib_png_png_init_io=yes
ac_cv_lib_z_crc32=yes
ac_cv_objext=o
ac_cv_path_EGREP='/bin/grep -E'
ac_cv_path_GREP=/bin/grep
ac_cv_path_install='/usr/bin/install -c'
ac_cv_path_mkdir=/bin/mkdir
ac_cv_prog_AR=ar
ac_cv_prog_AWK=mawk
ac_cv_prog_CPP='gcc -E'
ac_cv_prog_CXXCPP='g++ -E'
ac_cv_prog_LD=ld
ac_cv_prog_ac_ct_CC=gcc
ac_cv_prog_ac_ct_CXX=g++
ac_cv_prog_ac_ct_RANLIB=ranlib
ac_cv_prog_cc_c89=
ac_cv_prog_cc_g=yes
ac_cv_prog_cxx_g=yes
ac_cv_prog_make_make_set=yes
am_cv_CC_dependencies_compiler_type=none
am_cv_CXX_dependencies_compiler_type=none

## ----------------- ##
## Output variables. ##
## ----------------- ##

ACLOCAL='${SHELL} /home/sehkmg/torcs/missing --run aclocal-1.10'
AMDEPBACKSLASH='\'
AMDEP_FALSE='#'
AMDEP_TRUE=''
AMTAR='${SHELL} /home/sehkmg/torcs/missing --run tar'
AR='ar'
AUTOCONF='${SHELL} /home/sehkmg/torcs/missing --run autoconf'
AUTOHEADER='${SHELL} /home/sehkmg/torcs/missing --run autoheader'
AUTOMAKE='${SHELL} /home/sehkmg/torcs/missing --run automake-1.10'
AWK='mawk'
CC='gcc'
CCDEPMODE='depmode=none'
CFLAGS='-g -O2 -Wall -fPIC -fno-strict-aliasing -O2 -DUSE_RANDR_EXT -DGL_GLEXT_PROTOTYPES -Wall -fPIC -fno-strict-aliasing -O2 -DUSE_RANDR_EXT -DGL_GLEXT_PROTOTYPES'
CPP='gcc -E'
CPPFLAGS=''
CXX='g++'
CXXCPP='g++ -E'
CXXDEPMODE='depmode=none'
CXXFLAGS='-g -O2 -Wall -fPIC -fno-strict-aliasing -O2 -DUSE_RANDR_EXT -DGL_GLEXT_PROTOTYPES -Wall -fPIC -fno-strict-aliasing -O2 -DUSE_RANDR_EXT -DGL_GLEXT_PROTOTYPES'
CYGPATH_W='echo'
DEFS='-DHAVE_CONFIG_H'
DEPDIR='.deps'
ECHO_C=''
ECHO_N='-n'
ECHO_T=''
EGREP='/bin/grep -E'
EXEEXT=''
GREP='/bin/grep'
INSTALL_DATA='${INSTALL} -m 644'
INSTALL_PROGRAM='${INSTALL}'
INSTALL_SCRIPT='${INSTALL}'
INSTALL_STRIP_PROGRAM='$(install_sh) -c -s'
LD='ld'
LDFLAGS=' -lalut'
LIBOBJS=''
LIBS='-lplibssgaux -lplibssg -lplibsm -lplibsl -lplibsg -lplibul -lglut -lGLU -lGL -lpng -lz -ldl -lopenal -lXrandr -lXrender -lXxf86vm -lXmu -lXi -lXt -lSM -lICE -lXext -lX11 -lm '
LTLIBOBJS=''
MAKEINFO='${SHELL} /home/sehkmg/torcs/missing --run makeinfo'
OBJEXT='o'
PACKAGE='torcs'
PACKAGE_BUGREPORT=''
PACKAGE_NAME=''
PACKAGE_STRING=''
PACKAGE_TARNAME=''
PACKAGE_VERSION=''
PATH_SEPARATOR=':'
RANLIB='ranlib'
SET_MAKE=''
SHELL='/bin/bash'
STRIP=''
TORCS_BASE='/home/sehkmg/torcs'
VERSION='1.3.1'
XMKMF=''
ac_ct_CC='gcc'
ac_ct_CXX='g++'
am__fastdepCC_FALSE=''
am__fastdepCC_TRUE='#'
am__fastdepCXX_FALSE=''
am__fastdepCXX_TRUE='#'
am__include='include'
am__isrc=''
am__leading_dot='.'
am__quote=''
am__tar='${AMTAR} chof - "$$tardir"'
am__untar='${AMTAR} xf -'
bindir='${exec_prefix}/bin'
build_alias=''
datadir='${datarootdir}'
datarootdir='${prefix}/share'
docdir='${datarootdir}/doc/${PACKAGE}'
dvidir='${docdir}'
exec_prefix='${prefix}'
host_alias=''
htmldir='${docdir}'
includedir='${prefix}/include'
infodir='${datarootdir}/info'
install_sh='$(SHELL) /home/sehkmg/torcs/install-sh'
libdir='${exec_prefix}/lib'
libexecdir='${exec_prefix}/libexec'
localedir='${datarootdir}/locale'
localstatedir='${prefix}/var'
mandir='${datarootdir}/man'
mkdir_p='/bin/mkdir -p'
oldincludedir='/usr/include'
pdfdir='${docdir}'
prefix='/usr/local'
program_transform_name='s,x,x,'
psdir='${docdir}'
sbindir='${exec_prefix}/sbin'
sharedstatedir='${prefix}/com'
sysconfdir='${prefix}/etc'
target_alias=''

## ----------- ##
## confdefs.h. ##
## ----------- ##

#define PACKAGE_NAME ""
#define PACKAGE_TARNAME ""
#define PACKAGE_VERSION ""
#define PACKAGE_STRING ""
#define PACKAGE_BUGREPORT ""
#define PACKAGE "torcs"
#define VERSION "1.3.1"
#define STDC_HEADERS 1
#define TIME_WITH_SYS_TIME 1
#define HAVE_SYS_TYPES_H 1
#define HAVE_SYS_STAT_H 1
#define HAVE_STDLIB_H 1
#define HAVE_STRING_H 1
#define HAVE_MEMORY_H 1
#define HAVE_STRINGS_H 1
#define HAVE_INTTYPES_H 1
#define HAVE_STDINT_H 1
#define HAVE_UNISTD_H 1
#define HAVE_LIBM 1
#define HAVE_LIBX11 1
#define HAVE_LIBXEXT 1
#define HAVE_LIBICE 1
#define HAVE_LIBSM 1
#define HAVE_LIBXT 1
#define HAVE_LIBXI 1
#define HAVE_LIBXMU 1
#define HAVE_LIBXXF86VM 1
#define HAVE_LIBXRENDER 1
#define HAVE_LIBXRANDR 1
#define HAVE_LIBOPENAL 1
#define HAVE_LIBDL 1
#define HAVE_STRNDUP 1
#define HAVE_LIBZ 1
#define HAVE_LIBPNG 1
#define HAVE_LIBGL 1
#define HAVE_LIBGLU 1
#define HAVE_LIBGLUT 1
#define HAVE_LIBPLIBUL 1
#define HAVE_LIBPLIBSG 1
#define HAVE_LIBPLIBSL 1
#define HAVE_LIBPLIBSM 1
#define HAVE_LIBPLIBSSG 1
#define HAVE_LIBPLIBSSGAUX 1

configure: exit 0
